d:\svalkash_files\programs\vs2017\opencv_withforms\opencv_withforms\x64\debug\vc141.pdb
d:\svalkash_files\programs\vs2017\opencv_withforms\opencv_withforms\x64\debug\.netframework,version=v4.6.1.assemblyattributes.obj
d:\svalkash_files\programs\vs2017\opencv_withforms\opencv_withforms\x64\debug\.netframework,version=v4.6.1.assemblyattributes.asm
d:\svalkash_files\programs\vs2017\opencv_withforms\opencv_withforms\x64\debug\source.obj
d:\svalkash_files\programs\vs2017\opencv_withforms\opencv_withforms\x64\debug\deblur.obj
d:\svalkash_files\programs\vs2017\opencv_withforms\opencv_withforms\x64\debug\myform.obj
d:\svalkash_files\programs\vs2017\opencv_withforms\x64\debug\opencv_withforms.exe
d:\svalkash_files\programs\vs2017\opencv_withforms\x64\debug\opencv_withforms.pdb
d:\svalkash_files\programs\vs2017\opencv_withforms\opencv_withforms\x64\debug\opencvwithforms.myform.resources
d:\svalkash_files\programs\vs2017\opencv_withforms\opencv_withforms\x64\debug\opencv_withforms.vcxproj.generateresource.cache
d:\svalkash_files\programs\vs2017\opencv_withforms\opencv_withforms\x64\debug\opencv_withforms.vcxprojassemblyreference.cache
d:\svalkash_files\programs\vs2017\opencv_withforms\opencv_withforms\x64\debug\opencv_withforms.tlog\cl.command.1.tlog
d:\svalkash_files\programs\vs2017\opencv_withforms\opencv_withforms\x64\debug\opencv_withforms.tlog\cl.read.1.tlog
d:\svalkash_files\programs\vs2017\opencv_withforms\opencv_withforms\x64\debug\opencv_withforms.tlog\cl.write.1.tlog
d:\svalkash_files\programs\vs2017\opencv_withforms\opencv_withforms\x64\debug\opencv_withforms.tlog\link.command.1.tlog
d:\svalkash_files\programs\vs2017\opencv_withforms\opencv_withforms\x64\debug\opencv_withforms.tlog\link.read.1.tlog
d:\svalkash_files\programs\vs2017\opencv_withforms\opencv_withforms\x64\debug\opencv_withforms.tlog\link.write.1.tlog
d:\svalkash_files\programs\vs2017\opencv_withforms\opencv_withforms\x64\debug\opencv_withforms.tlog\metagen.read.1.tlog
d:\svalkash_files\programs\vs2017\opencv_withforms\opencv_withforms\x64\debug\opencv_withforms.tlog\metagen.write.1.tlog
d:\svalkash_files\programs\vs2017\opencv_withforms\opencv_withforms\x64\debug\opencv_withforms.tlog\opencv_withforms.write.1u.tlog
